<?xml version="1.0" encoding="UTF-8"?>
<testsuite xmlns:xsi="http://www.w3.org/2001/XMLSchema-instance" xsi:noNamespaceSchemaLocation="https://maven.apache.org/surefire/maven-surefire-plugin/xsd/surefire-test-report-3.0.xsd" version="3.0" name="com.example.helloworld.HelloWorldSpringBootApplicationTests" time="0.972" tests="1" errors="0" skipped="0" failures="0">
  <properties>
[...]
</properties>
  <testcase name="contextLoads" classname="com.example.helloworld.HelloWorldSpringBootApplicationTests" time="0.368">
    <system-out><![CDATA[15:39:10.485 [main] INFO org.springframework.test.context.support.AnnotationConfigContextLoaderUtils -- Could not detect default configuration classes for test class [com.example.helloworld.HelloWorldSpringBootApplicationTests]: HelloWorldSpringBootApplicationTests does not declare any static, non-private, non-final, nested classes annotated with @Configuration.
15:39:10.528 [main] INFO org.springframework.boot.test.context.SpringBootTestContextBootstrapper -- Found @SpringBootConfiguration com.example.helloworld.HelloWorldSpringBootApplication for test class com.example.helloworld.HelloWorldSpringBootApplicationTests

  .   ____          _            __ _ _
 /\\ / ___'_ __ _ _(_)_ __  __ _ \ \ \ \
( ( )\___ | '_ | '_| | '_ \/ _` | \ \ \ \
 \\/  ___)| |_)| | | | | || (_| |  ) ) ) )
  '  |____| .__|_| |_|_| |_\__, | / / / /
 =========|_|==============|___/=/_/_/_/

 :: Spring Boot ::                (v3.3.4)

2024-10-08T15:39:10.658-04:00  INFO 73555 --- [HelloWorldSpringBoot] [           main] e.h.HelloWorldSpringBootApplicationTests : Starting HelloWorldSpringBootApplicationTests using Java 17.0.12 with PID 73555 (started by evgenyrahman in /Users/evgenyrahman/code/spring-upgrade-demo)
2024-10-08T15:39:10.659-04:00  INFO 73555 --- [HelloWorldSpringBoot] [           main] e.h.HelloWorldSpringBootApplicationTests : No active profile set, falling back to 1 default profile: "default"
2024-10-08T15:39:11.019-04:00  INFO 73555 --- [HelloWorldSpringBoot] [           main] e.h.HelloWorldSpringBootApplicationTests : Started HelloWorldSpringBootApplicationTests in 0.446 seconds (process running for 0.811)
]]></system-out>
  </testcase>
</testsuite>